<?xml version="1.0" encoding="UTF-8"?>
<coverage generated="1480833382921" clover="3.2.0">
  <project timestamp="1480833382922" name="All files">
    <metrics statements="150" coveredstatements="105" conditionals="122" coveredconditionals="71" methods="60" coveredmethods="40" elements="332" coveredelements="216" complexity="0" loc="150" ncloc="150" packages="4" files="12" classes="12">
      <package name="build.components">
        <metrics statements="30" coveredstatements="29" conditionals="43" coveredconditionals="28" methods="15" coveredmethods="14"/>
        <file name="Rating.js" path="/Users/ben/whinepad/js/build/components/Rating.js">
          <metrics statements="30" coveredstatements="29" conditionals="43" coveredconditionals="28" methods="15" coveredmethods="14"/>
          <line num="3" count="1" type="stmt"/>
          <line num="7" count="6" type="stmt"/>
          <line num="9" count="1" type="stmt"/>
          <line num="11" count="1" type="stmt"/>
          <line num="13" count="1" type="stmt"/>
          <line num="15" count="1" type="stmt"/>
          <line num="17" count="2" type="stmt"/>
          <line num="19" count="1" type="stmt"/>
          <line num="21" count="1" type="stmt"/>
          <line num="23" count="1" type="stmt"/>
          <line num="25" count="1" type="stmt"/>
          <line num="26" count="1" type="stmt"/>
          <line num="29" count="1" type="stmt"/>
          <line num="31" count="1" type="stmt"/>
          <line num="33" count="1" type="stmt"/>
          <line num="37" count="1" type="stmt"/>
          <line num="40" count="1" type="stmt"/>
          <line num="43" count="1" type="stmt"/>
          <line num="48" count="2" type="stmt"/>
          <line num="53" count="1" type="stmt"/>
          <line num="61" count="1" type="stmt"/>
          <line num="66" count="0" type="stmt"/>
          <line num="71" count="4" type="stmt"/>
          <line num="72" count="4" type="stmt"/>
          <line num="73" count="16" type="stmt"/>
          <line num="83" count="4" type="stmt"/>
          <line num="100" count="1" type="stmt"/>
          <line num="103" count="1" type="stmt"/>
          <line num="109" count="1" type="stmt"/>
          <line num="114" count="1" type="stmt"/>
        </file>
      </package>
      <package name="source">
        <metrics statements="0" coveredstatements="0" conditionals="0" coveredconditionals="0" methods="0" coveredmethods="0"/>
        <file name="classification.js" path="/Users/ben/whinepad/js/source/classification.js">
          <metrics statements="0" coveredstatements="0" conditionals="0" coveredconditionals="0" methods="0" coveredmethods="0"/>
        </file>
        <file name="schema.js" path="/Users/ben/whinepad/js/source/schema.js">
          <metrics statements="0" coveredstatements="0" conditionals="0" coveredconditionals="0" methods="0" coveredmethods="0"/>
        </file>
      </package>
      <package name="source.components">
        <metrics statements="119" coveredstatements="75" conditionals="79" coveredconditionals="43" methods="44" coveredmethods="25"/>
        <file name="Actions.js" path="/Users/ben/whinepad/js/source/components/Actions.js">
          <metrics statements="4" coveredstatements="4" conditionals="0" coveredconditionals="0" methods="2" coveredmethods="1"/>
          <line num="3" count="2" type="stmt"/>
          <line num="4" count="6" type="stmt"/>
          <line num="22" count="2" type="stmt"/>
          <line num="26" count="2" type="stmt"/>
        </file>
        <file name="Button.js" path="/Users/ben/whinepad/js/source/components/Button.js">
          <metrics statements="3" coveredstatements="3" conditionals="2" coveredconditionals="2" methods="1" coveredmethods="1"/>
          <line num="5" count="4" type="stmt"/>
          <line num="7" count="4" type="stmt"/>
          <line num="12" count="2" type="stmt"/>
        </file>
        <file name="Dialog.js" path="/Users/ben/whinepad/js/source/components/Dialog.js">
          <metrics statements="5" coveredstatements="5" conditionals="8" coveredconditionals="4" methods="4" coveredmethods="3"/>
          <line num="6" count="1" type="stmt"/>
          <line num="10" count="1" type="stmt"/>
          <line num="14" count="1" type="stmt"/>
          <line num="39" count="1" type="stmt"/>
          <line num="47" count="1" type="stmt"/>
        </file>
        <file name="Excel.js" path="/Users/ben/whinepad/js/source/components/Excel.js">
          <metrics statements="65" coveredstatements="43" conditionals="42" coveredconditionals="21" methods="19" coveredmethods="13"/>
          <line num="11" count="2" type="stmt"/>
          <line num="12" count="2" type="stmt"/>
          <line num="22" count="0" type="stmt"/>
          <line num="26" count="2" type="stmt"/>
          <line num="30" count="0" type="stmt"/>
          <line num="31" count="0" type="stmt"/>
          <line num="32" count="0" type="stmt"/>
          <line num="33" count="0" type="stmt"/>
          <line num="38" count="0" type="stmt"/>
          <line num="44" count="0" type="stmt"/>
          <line num="48" count="1" type="stmt"/>
          <line num="55" count="1" type="stmt"/>
          <line num="56" count="1" type="stmt"/>
          <line num="57" count="1" type="stmt"/>
          <line num="58" count="1" type="stmt"/>
          <line num="59" count="1" type="stmt"/>
          <line num="64" count="1" type="stmt"/>
          <line num="68" count="1" type="stmt"/>
          <line num="72" count="1" type="stmt"/>
          <line num="73" count="0" type="stmt"/>
          <line num="74" count="0" type="stmt"/>
          <line num="77" count="1" type="stmt"/>
          <line num="78" count="1" type="stmt"/>
          <line num="79" count="1" type="stmt"/>
          <line num="84" count="1" type="stmt"/>
          <line num="88" count="0" type="stmt"/>
          <line num="92" count="0" type="stmt"/>
          <line num="93" count="0" type="stmt"/>
          <line num="94" count="0" type="stmt"/>
          <line num="97" count="0" type="stmt"/>
          <line num="98" count="0" type="stmt"/>
          <line num="99" count="0" type="stmt"/>
          <line num="104" count="0" type="stmt"/>
          <line num="108" count="6" type="stmt"/>
          <line num="117" count="6" type="stmt"/>
          <line num="118" count="5" type="stmt"/>
          <line num="120" count="1" type="stmt"/>
          <line num="122" count="1" type="stmt"/>
          <line num="124" count="0" type="stmt"/>
          <line num="126" count="0" type="stmt"/>
          <line num="128" count="0" type="stmt"/>
          <line num="133" count="1" type="stmt"/>
          <line num="134" count="1" type="stmt"/>
          <line num="135" count="1" type="stmt"/>
          <line num="148" count="0" type="stmt"/>
          <line num="166" count="6" type="stmt"/>
          <line num="171" count="30" type="stmt"/>
          <line num="172" count="6" type="stmt"/>
          <line num="174" count="24" type="stmt"/>
          <line num="175" count="24" type="stmt"/>
          <line num="176" count="0" type="stmt"/>
          <line num="178" count="24" type="stmt"/>
          <line num="194" count="5" type="stmt"/>
          <line num="197" count="25" type="stmt"/>
          <line num="198" count="25" type="stmt"/>
          <line num="199" count="5" type="stmt"/>
          <line num="201" count="20" type="stmt"/>
          <line num="202" count="20" type="stmt"/>
          <line num="203" count="20" type="stmt"/>
          <line num="205" count="20" type="stmt"/>
          <line num="206" count="1" type="stmt"/>
          <line num="213" count="19" type="stmt"/>
          <line num="214" count="5" type="stmt"/>
          <line num="217" count="20" type="stmt"/>
          <line num="248" count="1" type="stmt"/>
        </file>
        <file name="Form.js" path="/Users/ben/whinepad/js/source/components/Form.js">
          <metrics statements="12" coveredstatements="1" conditionals="8" coveredconditionals="0" methods="4" coveredmethods="0"/>
          <line num="7" count="0" type="stmt"/>
          <line num="8" count="0" type="stmt"/>
          <line num="9" count="0" type="stmt"/>
          <line num="12" count="0" type="stmt"/>
          <line num="16" count="0" type="stmt"/>
          <line num="18" count="0" type="stmt"/>
          <line num="19" count="0" type="stmt"/>
          <line num="20" count="0" type="stmt"/>
          <line num="29" count="0" type="stmt"/>
          <line num="30" count="0" type="stmt"/>
          <line num="32" count="0" type="stmt"/>
          <line num="47" count="1" type="stmt"/>
        </file>
        <file name="FormInput.js" path="/Users/ben/whinepad/js/source/components/FormInput.js">
          <metrics statements="9" coveredstatements="7" conditionals="9" coveredconditionals="7" methods="2" coveredmethods="2"/>
          <line num="7" count="3" type="stmt"/>
          <line num="13" count="3" type="stmt"/>
          <line num="19" count="3" type="stmt"/>
          <line num="21" count="1" type="stmt"/>
          <line num="28" count="0" type="stmt"/>
          <line num="30" count="1" type="stmt"/>
          <line num="36" count="0" type="stmt"/>
          <line num="38" count="1" type="stmt"/>
          <line num="43" count="2" type="stmt"/>
        </file>
        <file name="Rating.js" path="/Users/ben/whinepad/js/source/components/Rating.js">
          <metrics statements="13" coveredstatements="11" conditionals="10" coveredconditionals="9" methods="7" coveredmethods="5"/>
          <line num="6" count="3" type="stmt"/>
          <line num="7" count="3" type="stmt"/>
          <line num="14" count="1" type="stmt"/>
          <line num="18" count="0" type="stmt"/>
          <line num="22" count="3" type="stmt"/>
          <line num="29" count="0" type="stmt"/>
          <line num="33" count="3" type="stmt"/>
          <line num="37" count="6" type="stmt"/>
          <line num="38" count="6" type="stmt"/>
          <line num="39" count="24" type="stmt"/>
          <line num="49" count="6" type="stmt"/>
          <line num="70" count="2" type="stmt"/>
          <line num="76" count="2" type="stmt"/>
        </file>
        <file name="Suggest.js" path="/Users/ben/whinepad/js/source/components/Suggest.js">
          <metrics statements="8" coveredstatements="1" conditionals="0" coveredconditionals="0" methods="5" coveredmethods="0"/>
          <line num="6" count="0" type="stmt"/>
          <line num="7" count="0" type="stmt"/>
          <line num="11" count="0" type="stmt"/>
          <line num="15" count="0" type="stmt"/>
          <line num="16" count="0" type="stmt"/>
          <line num="21" count="0" type="stmt"/>
          <line num="25" count="0" type="stmt"/>
          <line num="33" count="2" type="stmt"/>
        </file>
      </package>
      <package name="utils">
        <metrics statements="1" coveredstatements="1" conditionals="0" coveredconditionals="0" methods="1" coveredmethods="1"/>
        <file name="Wrap.js" path="/Users/ben/whinepad/js/utils/Wrap.js">
          <metrics statements="1" coveredstatements="1" conditionals="0" coveredconditionals="0" methods="1" coveredmethods="1"/>
          <line num="5" count="1" type="stmt"/>
        </file>
      </package>
    </metrics>
  </project>
</coverage>
