{"/Users/ben/whinepad/js/build/components/Rating.js": {"path":"/Users/ben/whinepad/js/build/components/Rating.js","statementMap":{"0":{"start":{"line":3,"column":0},"end":{"line":5,"column":3}},"1":{"start":{"line":7,"column":19},"end":{"line":7,"column":563}},"2":{"start":{"line":7,"column":76},"end":{"line":7,"column":347}},"3":{"start":{"line":7,"column":134},"end":{"line":7,"column":142}},"4":{"start":{"line":7,"column":144},"end":{"line":7,"column":199}},"5":{"start":{"line":7,"column":200},"end":{"line":7,"column":231}},"6":{"start":{"line":7,"column":232},"end":{"line":7,"column":286}},"7":{"start":{"line":7,"column":259},"end":{"line":7,"column":286}},"8":{"start":{"line":7,"column":287},"end":{"line":7,"column":345}},"9":{"start":{"line":7,"column":350},"end":{"line":7,"column":559}},"10":{"start":{"line":7,"column":407},"end":{"line":7,"column":475}},"11":{"start":{"line":7,"column":423},"end":{"line":7,"column":475}},"12":{"start":{"line":7,"column":476},"end":{"line":7,"column":536}},"13":{"start":{"line":7,"column":493},"end":{"line":7,"column":536}},"14":{"start":{"line":7,"column":537},"end":{"line":7,"column":556}},"15":{"start":{"line":9,"column":18},"end":{"line":9,"column":39}},"16":{"start":{"line":11,"column":19},"end":{"line":11,"column":54}},"17":{"start":{"line":13,"column":13},"end":{"line":13,"column":29}},"18":{"start":{"line":15,"column":14},"end":{"line":15,"column":44}},"19":{"start":{"line":17,"column":39},"end":{"line":17,"column":93}},"20":{"start":{"line":19,"column":50},"end":{"line":19,"column":151}},"21":{"start":{"line":19,"column":92},"end":{"line":19,"column":149}},"22":{"start":{"line":21,"column":50},"end":{"line":21,"column":151}},"23":{"start":{"line":21,"column":63},"end":{"line":21,"column":149}},"24":{"start":{"line":21,"column":152},"end":{"line":21,"column":238}},"25":{"start":{"line":23,"column":43},"end":{"line":23,"column":208}},"26":{"start":{"line":23,"column":106},"end":{"line":23,"column":206}},"27":{"start":{"line":23,"column":209},"end":{"line":23,"column":373}},"28":{"start":{"line":23,"column":374},"end":{"line":23,"column":492}},"29":{"start":{"line":23,"column":390},"end":{"line":23,"column":492}},"30":{"start":{"line":25,"column":13},"end":{"line":101,"column":19}},"31":{"start":{"line":26,"column":1},"end":{"line":26,"column":31}},"32":{"start":{"line":29,"column":2},"end":{"line":29,"column":32}},"33":{"start":{"line":31,"column":14},"end":{"line":31,"column":117}},"34":{"start":{"line":33,"column":2},"end":{"line":36,"column":4}},"35":{"start":{"line":37,"column":2},"end":{"line":37,"column":15}},"36":{"start":{"line":40,"column":1},"end":{"line":98,"column":5}},"37":{"start":{"line":43,"column":3},"end":{"line":43,"column":28}},"38":{"start":{"line":48,"column":3},"end":{"line":48,"column":40}},"39":{"start":{"line":53,"column":3},"end":{"line":56,"column":6}},"40":{"start":{"line":61,"column":3},"end":{"line":61,"column":35}},"41":{"start":{"line":66,"column":3},"end":{"line":66,"column":42}},"42":{"start":{"line":71,"column":15},"end":{"line":71,"column":17}},"43":{"start":{"line":72,"column":3},"end":{"line":82,"column":4}},"44":{"start":{"line":73,"column":4},"end":{"line":81,"column":7}},"45":{"start":{"line":83,"column":3},"end":{"line":96,"column":5}},"46":{"start":{"line":100,"column":1},"end":{"line":100,"column":15}},"47":{"start":{"line":103,"column":0},"end":{"line":107,"column":2}},"48":{"start":{"line":109,"column":0},"end":{"line":112,"column":2}},"49":{"start":{"line":114,"column":0},"end":{"line":114,"column":25}}},"fnMap":{"0":{"name":"(anonymous_0)","decl":{"start":{"line":7,"column":19},"end":{"line":7,"column":20}},"loc":{"start":{"line":7,"column":31},"end":{"line":7,"column":561}}},"1":{"name":"defineProperties","decl":{"start":{"line":7,"column":42},"end":{"line":7,"column":58}},"loc":{"start":{"line":7,"column":74},"end":{"line":7,"column":349}}},"2":{"name":"(anonymous_2)","decl":{"start":{"line":7,"column":357},"end":{"line":7,"column":358}},"loc":{"start":{"line":7,"column":405},"end":{"line":7,"column":558}}},"3":{"name":"_interopRequireDefault","decl":{"start":{"line":17,"column":9},"end":{"line":17,"column":31}},"loc":{"start":{"line":17,"column":37},"end":{"line":17,"column":95}}},"4":{"name":"_classCallCheck","decl":{"start":{"line":19,"column":9},"end":{"line":19,"column":24}},"loc":{"start":{"line":19,"column":48},"end":{"line":19,"column":153}}},"5":{"name":"_possibleConstructorReturn","decl":{"start":{"line":21,"column":9},"end":{"line":21,"column":35}},"loc":{"start":{"line":21,"column":48},"end":{"line":21,"column":240}}},"6":{"name":"_inherits","decl":{"start":{"line":23,"column":9},"end":{"line":23,"column":18}},"loc":{"start":{"line":23,"column":41},"end":{"line":23,"column":494}}},"7":{"name":"(anonymous_7)","decl":{"start":{"line":25,"column":13},"end":{"line":25,"column":14}},"loc":{"start":{"line":25,"column":35},"end":{"line":101,"column":1}}},"8":{"name":"Rating","decl":{"start":{"line":28,"column":10},"end":{"line":28,"column":16}},"loc":{"start":{"line":28,"column":24},"end":{"line":38,"column":2}}},"9":{"name":"getValue","decl":{"start":{"line":42,"column":18},"end":{"line":42,"column":26}},"loc":{"start":{"line":42,"column":29},"end":{"line":44,"column":3}}},"10":{"name":"setTemp","decl":{"start":{"line":47,"column":18},"end":{"line":47,"column":25}},"loc":{"start":{"line":47,"column":34},"end":{"line":49,"column":3}}},"11":{"name":"setRating","decl":{"start":{"line":52,"column":18},"end":{"line":52,"column":27}},"loc":{"start":{"line":52,"column":36},"end":{"line":57,"column":3}}},"12":{"name":"reset","decl":{"start":{"line":60,"column":18},"end":{"line":60,"column":23}},"loc":{"start":{"line":60,"column":26},"end":{"line":62,"column":3}}},"13":{"name":"componentWillReceiveProps","decl":{"start":{"line":65,"column":18},"end":{"line":65,"column":43}},"loc":{"start":{"line":65,"column":55},"end":{"line":67,"column":3}}},"14":{"name":"render","decl":{"start":{"line":70,"column":18},"end":{"line":70,"column":24}},"loc":{"start":{"line":70,"column":27},"end":{"line":97,"column":3}}}},"branchMap":{"0":{"loc":{"start":{"line":7,"column":168},"end":{"line":7,"column":198}},"type":"binary-expr","locations":[{"start":{"line":7,"column":168},"end":{"line":7,"column":189}},{"start":{"line":7,"column":193},"end":{"line":7,"column":198}}]},"1":{"loc":{"start":{"line":7,"column":232},"end":{"line":7,"column":286}},"type":"if","locations":[{"start":{"line":7,"column":232},"end":{"line":7,"column":286}},{"start":{"line":7,"column":232},"end":{"line":7,"column":286}}]},"2":{"loc":{"start":{"line":7,"column":407},"end":{"line":7,"column":475}},"type":"if","locations":[{"start":{"line":7,"column":407},"end":{"line":7,"column":475}},{"start":{"line":7,"column":407},"end":{"line":7,"column":475}}]},"3":{"loc":{"start":{"line":7,"column":476},"end":{"line":7,"column":536}},"type":"if","locations":[{"start":{"line":7,"column":476},"end":{"line":7,"column":536}},{"start":{"line":7,"column":476},"end":{"line":7,"column":536}}]},"4":{"loc":{"start":{"line":17,"column":46},"end":{"line":17,"column":92}},"type":"cond-expr","locations":[{"start":{"line":17,"column":70},"end":{"line":17,"column":73}},{"start":{"line":17,"column":76},"end":{"line":17,"column":92}}]},"5":{"loc":{"start":{"line":17,"column":46},"end":{"line":17,"column":67}},"type":"binary-expr","locations":[{"start":{"line":17,"column":46},"end":{"line":17,"column":49}},{"start":{"line":17,"column":53},"end":{"line":17,"column":67}}]},"6":{"loc":{"start":{"line":19,"column":50},"end":{"line":19,"column":151}},"type":"if","locations":[{"start":{"line":19,"column":50},"end":{"line":19,"column":151}},{"start":{"line":19,"column":50},"end":{"line":19,"column":151}}]},"7":{"loc":{"start":{"line":21,"column":50},"end":{"line":21,"column":151}},"type":"if","locations":[{"start":{"line":21,"column":50},"end":{"line":21,"column":151}},{"start":{"line":21,"column":50},"end":{"line":21,"column":151}}]},"8":{"loc":{"start":{"line":21,"column":159},"end":{"line":21,"column":237}},"type":"cond-expr","locations":[{"start":{"line":21,"column":226},"end":{"line":21,"column":230}},{"start":{"line":21,"column":233},"end":{"line":21,"column":237}}]},"9":{"loc":{"start":{"line":21,"column":159},"end":{"line":21,"column":223}},"type":"binary-expr","locations":[{"start":{"line":21,"column":159},"end":{"line":21,"column":163}},{"start":{"line":21,"column":168},"end":{"line":21,"column":192}},{"start":{"line":21,"column":196},"end":{"line":21,"column":222}}]},"10":{"loc":{"start":{"line":23,"column":43},"end":{"line":23,"column":208}},"type":"if","locations":[{"start":{"line":23,"column":43},"end":{"line":23,"column":208}},{"start":{"line":23,"column":43},"end":{"line":23,"column":208}}]},"11":{"loc":{"start":{"line":23,"column":47},"end":{"line":23,"column":102}},"type":"binary-expr","locations":[{"start":{"line":23,"column":47},"end":{"line":23,"column":79}},{"start":{"line":23,"column":83},"end":{"line":23,"column":102}}]},"12":{"loc":{"start":{"line":23,"column":244},"end":{"line":23,"column":278}},"type":"binary-expr","locations":[{"start":{"line":23,"column":244},"end":{"line":23,"column":254}},{"start":{"line":23,"column":258},"end":{"line":23,"column":278}}]},"13":{"loc":{"start":{"line":23,"column":374},"end":{"line":23,"column":492}},"type":"if","locations":[{"start":{"line":23,"column":374},"end":{"line":23,"column":492}},{"start":{"line":23,"column":374},"end":{"line":23,"column":492}}]},"14":{"loc":{"start":{"line":23,"column":390},"end":{"line":23,"column":491}},"type":"cond-expr","locations":[{"start":{"line":23,"column":414},"end":{"line":23,"column":457}},{"start":{"line":23,"column":460},"end":{"line":23,"column":491}}]},"15":{"loc":{"start":{"line":31,"column":48},"end":{"line":31,"column":97}},"type":"binary-expr","locations":[{"start":{"line":31,"column":48},"end":{"line":31,"column":64}},{"start":{"line":31,"column":68},"end":{"line":31,"column":97}}]},"16":{"loc":{"start":{"line":76,"column":17},"end":{"line":76,"column":62}},"type":"cond-expr","locations":[{"start":{"line":76,"column":45},"end":{"line":76,"column":55}},{"start":{"line":76,"column":58},"end":{"line":76,"column":62}}]},"17":{"loc":{"start":{"line":78,"column":15},"end":{"line":78,"column":67}},"type":"binary-expr","locations":[{"start":{"line":78,"column":15},"end":{"line":78,"column":35}},{"start":{"line":78,"column":39},"end":{"line":78,"column":67}}]},"18":{"loc":{"start":{"line":79,"column":19},"end":{"line":79,"column":69}},"type":"binary-expr","locations":[{"start":{"line":79,"column":19},"end":{"line":79,"column":39}},{"start":{"line":79,"column":43},"end":{"line":79,"column":69}}]},"19":{"loc":{"start":{"line":92,"column":4},"end":{"line":95,"column":32}},"type":"cond-expr","locations":[{"start":{"line":92,"column":44},"end":{"line":92,"column":48}},{"start":{"line":92,"column":51},"end":{"line":95,"column":32}}]},"20":{"loc":{"start":{"line":92,"column":4},"end":{"line":92,"column":41}},"type":"binary-expr","locations":[{"start":{"line":92,"column":4},"end":{"line":92,"column":23}},{"start":{"line":92,"column":27},"end":{"line":92,"column":41}}]}},"s":{"0":1,"1":1,"2":1,"3":6,"4":6,"5":6,"6":6,"7":6,"8":6,"9":1,"10":1,"11":1,"12":1,"13":0,"14":1,"15":1,"16":1,"17":1,"18":1,"19":2,"20":1,"21":0,"22":1,"23":0,"24":1,"25":1,"26":0,"27":1,"28":1,"29":1,"30":1,"31":1,"32":1,"33":1,"34":1,"35":1,"36":1,"37":1,"38":2,"39":1,"40":1,"41":0,"42":4,"43":4,"44":16,"45":4,"46":1,"47":1,"48":1,"49":1},"f":{"0":1,"1":1,"2":1,"3":2,"4":1,"5":1,"6":1,"7":1,"8":1,"9":1,"10":2,"11":1,"12":1,"13":0,"14":4},"b":{"0":[6,6],"1":[6,0],"2":[1,0],"3":[0,1],"4":[0,2],"5":[2,2],"6":[0,1],"7":[0,1],"8":[0,1],"9":[1,0,0],"10":[0,1],"11":[1,0],"12":[1,1],"13":[1,0],"14":[1,0],"15":[1,0],"16":[8,8],"17":[16,16],"18":[16,16],"19":[4,0],"20":[4,4]},"_coverageSchema":"332fd63041d2c1bcb487cc26dd0d5f7d97098a6c","hash":"834a3e3a4c2837ff8407d701e536cd4f7802b20d"}
,"/Users/ben/whinepad/js/source/classification.js": {"path":"/Users/ben/whinepad/js/source/classification.js","statementMap":{},"fnMap":{},"branchMap":{},"s":{},"f":{},"b":{},"_coverageSchema":"332fd63041d2c1bcb487cc26dd0d5f7d97098a6c","hash":"bf77de181aa0d89862898239c108bcee1ad490b3"}
,"/Users/ben/whinepad/js/source/schema.js": {"path":"/Users/ben/whinepad/js/source/schema.js","statementMap":{},"fnMap":{},"branchMap":{},"s":{},"f":{},"b":{},"_coverageSchema":"332fd63041d2c1bcb487cc26dd0d5f7d97098a6c","hash":"721d5a7c351cc66fbb7daa35342d35e471bfe367"}
,"/Users/ben/whinepad/js/source/components/Actions.js": {"path":"/Users/ben/whinepad/js/source/components/Actions.js","statementMap":{"0":{"start":{"line":3,"column":16},"end":{"line":20,"column":8}},"1":{"start":{"line":4,"column":1},"end":{"line":20,"column":8}},"2":{"start":{"line":22,"column":0},"end":{"line":24,"column":2}},"3":{"start":{"line":26,"column":0},"end":{"line":28,"column":1}}},"fnMap":{"0":{"name":"(anonymous_0)","decl":{"start":{"line":3,"column":16},"end":{"line":3,"column":17}},"loc":{"start":{"line":4,"column":1},"end":{"line":20,"column":8}}},"1":{"name":"(anonymous_1)","decl":{"start":{"line":27,"column":11},"end":{"line":27,"column":12}},"loc":{"start":{"line":27,"column":17},"end":{"line":27,"column":19}}}},"branchMap":{},"s":{"0":2,"1":6,"2":2,"3":2},"f":{"0":6,"1":0},"b":{},"_coverageSchema":"332fd63041d2c1bcb487cc26dd0d5f7d97098a6c","hash":"7f73005676eedd030b599beb93eee20cc7699793"}
,"/Users/ben/whinepad/js/source/components/Button.js": {"path":"/Users/ben/whinepad/js/source/components/Button.js","statementMap":{"0":{"start":{"line":5,"column":20},"end":{"line":5,"column":58}},"1":{"start":{"line":7,"column":1},"end":{"line":9,"column":47}},"2":{"start":{"line":12,"column":0},"end":{"line":14,"column":2}}},"fnMap":{"0":{"name":"Button","decl":{"start":{"line":4,"column":9},"end":{"line":4,"column":15}},"loc":{"start":{"line":4,"column":23},"end":{"line":10,"column":1}}}},"branchMap":{"0":{"loc":{"start":{"line":7,"column":8},"end":{"line":9,"column":46}},"type":"cond-expr","locations":[{"start":{"line":8,"column":2},"end":{"line":8,"column":41}},{"start":{"line":9,"column":2},"end":{"line":9,"column":46}}]}},"s":{"0":4,"1":4,"2":2},"f":{"0":4},"b":{"0":[1,3]},"_coverageSchema":"332fd63041d2c1bcb487cc26dd0d5f7d97098a6c","hash":"4469706cc55b1c88ab040f7772c579386948a4d2"}
,"/Users/ben/whinepad/js/source/components/Dialog.js": {"path":"/Users/ben/whinepad/js/source/components/Dialog.js","statementMap":{"0":{"start":{"line":6,"column":2},"end":{"line":6,"column":51}},"1":{"start":{"line":10,"column":2},"end":{"line":10,"column":48}},"2":{"start":{"line":14,"column":2},"end":{"line":35,"column":3}},"3":{"start":{"line":39,"column":0},"end":{"line":45,"column":2}},"4":{"start":{"line":47,"column":0},"end":{"line":52,"column":2}}},"fnMap":{"0":{"name":"(anonymous_0)","decl":{"start":{"line":5,"column":1},"end":{"line":5,"column":2}},"loc":{"start":{"line":5,"column":24},"end":{"line":7,"column":2}}},"1":{"name":"(anonymous_1)","decl":{"start":{"line":9,"column":1},"end":{"line":9,"column":2}},"loc":{"start":{"line":9,"column":21},"end":{"line":11,"column":2}}},"2":{"name":"(anonymous_2)","decl":{"start":{"line":13,"column":1},"end":{"line":13,"column":2}},"loc":{"start":{"line":13,"column":11},"end":{"line":36,"column":2}}},"3":{"name":"(anonymous_3)","decl":{"start":{"line":50,"column":11},"end":{"line":50,"column":12}},"loc":{"start":{"line":50,"column":17},"end":{"line":50,"column":19}}}},"branchMap":{"0":{"loc":{"start":{"line":15,"column":19},"end":{"line":15,"column":69}},"type":"cond-expr","locations":[{"start":{"line":15,"column":38},"end":{"line":15,"column":58}},{"start":{"line":15,"column":61},"end":{"line":15,"column":69}}]},"1":{"loc":{"start":{"line":16,"column":20},"end":{"line":16,"column":63}},"type":"cond-expr","locations":[{"start":{"line":16,"column":39},"end":{"line":16,"column":56}},{"start":{"line":16,"column":59},"end":{"line":16,"column":63}}]},"2":{"loc":{"start":{"line":20,"column":8},"end":{"line":26,"column":11}},"type":"cond-expr","locations":[{"start":{"line":21,"column":8},"end":{"line":25,"column":15}},{"start":{"line":26,"column":7},"end":{"line":26,"column":11}}]},"3":{"loc":{"start":{"line":29,"column":7},"end":{"line":29,"column":51}},"type":"cond-expr","locations":[{"start":{"line":29,"column":30},"end":{"line":29,"column":39}},{"start":{"line":29,"column":42},"end":{"line":29,"column":51}}]}},"s":{"0":1,"1":1,"2":1,"3":1,"4":1},"f":{"0":1,"1":1,"2":1,"3":0},"b":{"0":[1,0],"1":[1,0],"2":[1,0],"3":[1,0]},"_coverageSchema":"332fd63041d2c1bcb487cc26dd0d5f7d97098a6c","hash":"aa22fa40bebd7c8893ce3076e94338675ee7c9cd"}
,"/Users/ben/whinepad/js/source/components/Excel.js": {"path":"/Users/ben/whinepad/js/source/components/Excel.js","statementMap":{"0":{"start":{"line":11,"column":4},"end":{"line":11,"column":17}},"1":{"start":{"line":12,"column":4},"end":{"line":18,"column":5}},"2":{"start":{"line":22,"column":4},"end":{"line":22,"column":50}},"3":{"start":{"line":26,"column":4},"end":{"line":26,"column":34}},"4":{"start":{"line":30,"column":15},"end":{"line":30,"column":42}},"5":{"start":{"line":31,"column":23},"end":{"line":31,"column":74}},"6":{"start":{"line":32,"column":4},"end":{"line":36,"column":7}},"7":{"start":{"line":33,"column":6},"end":{"line":35,"column":34}},"8":{"start":{"line":38,"column":4},"end":{"line":42,"column":7}},"9":{"start":{"line":44,"column":4},"end":{"line":44,"column":30}},"10":{"start":{"line":48,"column":4},"end":{"line":51,"column":8}},"11":{"start":{"line":55,"column":4},"end":{"line":55,"column":23}},"12":{"start":{"line":56,"column":18},"end":{"line":56,"column":44}},"13":{"start":{"line":57,"column":15},"end":{"line":57,"column":42}},"14":{"start":{"line":58,"column":4},"end":{"line":58,"column":59}},"15":{"start":{"line":59,"column":4},"end":{"line":62,"column":7}},"16":{"start":{"line":64,"column":4},"end":{"line":64,"column":30}},"17":{"start":{"line":68,"column":4},"end":{"line":68,"column":59}},"18":{"start":{"line":72,"column":4},"end":{"line":75,"column":5}},"19":{"start":{"line":73,"column":6},"end":{"line":73,"column":26}},"20":{"start":{"line":74,"column":6},"end":{"line":74,"column":13}},"21":{"start":{"line":77,"column":15},"end":{"line":77,"column":42}},"22":{"start":{"line":78,"column":4},"end":{"line":78,"column":42}},"23":{"start":{"line":79,"column":4},"end":{"line":82,"column":7}},"24":{"start":{"line":84,"column":4},"end":{"line":84,"column":31}},"25":{"start":{"line":88,"column":4},"end":{"line":88,"column":35}},"26":{"start":{"line":92,"column":4},"end":{"line":95,"column":5}},"27":{"start":{"line":93,"column":6},"end":{"line":93,"column":26}},"28":{"start":{"line":94,"column":6},"end":{"line":94,"column":13}},"29":{"start":{"line":97,"column":15},"end":{"line":97,"column":42}},"30":{"start":{"line":98,"column":4},"end":{"line":98,"column":59}},"31":{"start":{"line":99,"column":4},"end":{"line":102,"column":7}},"32":{"start":{"line":104,"column":4},"end":{"line":104,"column":31}},"33":{"start":{"line":108,"column":4},"end":{"line":113,"column":5}},"34":{"start":{"line":117,"column":4},"end":{"line":118,"column":18}},"35":{"start":{"line":118,"column":6},"end":{"line":118,"column":18}},"36":{"start":{"line":120,"column":4},"end":{"line":129,"column":5}},"37":{"start":{"line":122,"column":8},"end":{"line":122,"column":42}},"38":{"start":{"line":124,"column":8},"end":{"line":124,"column":44}},"39":{"start":{"line":126,"column":8},"end":{"line":126,"column":40}},"40":{"start":{"line":128,"column":8},"end":{"line":128,"column":71}},"41":{"start":{"line":133,"column":18},"end":{"line":133,"column":56}},"42":{"start":{"line":134,"column":22},"end":{"line":134,"column":50}},"43":{"start":{"line":135,"column":4},"end":{"line":144,"column":5}},"44":{"start":{"line":148,"column":4},"end":{"line":162,"column":5}},"45":{"start":{"line":166,"column":4},"end":{"line":243,"column":5}},"46":{"start":{"line":171,"column":14},"end":{"line":172,"column":28}},"47":{"start":{"line":172,"column":16},"end":{"line":172,"column":28}},"48":{"start":{"line":174,"column":26},"end":{"line":174,"column":36}},"49":{"start":{"line":175,"column":14},"end":{"line":176,"column":71}},"50":{"start":{"line":176,"column":16},"end":{"line":176,"column":71}},"51":{"start":{"line":178,"column":14},"end":{"line":186,"column":15}},"52":{"start":{"line":194,"column":14},"end":{"line":238,"column":15}},"53":{"start":{"line":197,"column":35},"end":{"line":197,"column":57}},"54":{"start":{"line":198,"column":20},"end":{"line":199,"column":34}},"55":{"start":{"line":199,"column":22},"end":{"line":199,"column":34}},"56":{"start":{"line":201,"column":37},"end":{"line":201,"column":61}},"57":{"start":{"line":202,"column":33},"end":{"line":202,"column":48}},"58":{"start":{"line":203,"column":34},"end":{"line":203,"column":43}},"59":{"start":{"line":205,"column":20},"end":{"line":215,"column":21}},"60":{"start":{"line":206,"column":22},"end":{"line":210,"column":24}},"61":{"start":{"line":213,"column":25},"end":{"line":215,"column":21}},"62":{"start":{"line":214,"column":22},"end":{"line":214,"column":89}},"63":{"start":{"line":217,"column":20},"end":{"line":232,"column":21}},"64":{"start":{"line":248,"column":0},"end":{"line":256,"column":2}}},"fnMap":{"0":{"name":"(anonymous_0)","decl":{"start":{"line":10,"column":2},"end":{"line":10,"column":3}},"loc":{"start":{"line":10,"column":21},"end":{"line":19,"column":3}}},"1":{"name":"(anonymous_1)","decl":{"start":{"line":21,"column":2},"end":{"line":21,"column":3}},"loc":{"start":{"line":21,"column":39},"end":{"line":23,"column":3}}},"2":{"name":"(anonymous_2)","decl":{"start":{"line":25,"column":2},"end":{"line":25,"column":3}},"loc":{"start":{"line":25,"column":24},"end":{"line":27,"column":3}}},"3":{"name":"(anonymous_3)","decl":{"start":{"line":29,"column":2},"end":{"line":29,"column":3}},"loc":{"start":{"line":29,"column":13},"end":{"line":45,"column":3}}},"4":{"name":"(anonymous_4)","decl":{"start":{"line":32,"column":14},"end":{"line":32,"column":15}},"loc":{"start":{"line":32,"column":29},"end":{"line":36,"column":5}}},"5":{"name":"(anonymous_5)","decl":{"start":{"line":47,"column":2},"end":{"line":47,"column":3}},"loc":{"start":{"line":47,"column":17},"end":{"line":52,"column":3}}},"6":{"name":"(anonymous_6)","decl":{"start":{"line":54,"column":2},"end":{"line":54,"column":3}},"loc":{"start":{"line":54,"column":11},"end":{"line":65,"column":3}}},"7":{"name":"(anonymous_7)","decl":{"start":{"line":67,"column":2},"end":{"line":67,"column":3}},"loc":{"start":{"line":67,"column":31},"end":{"line":69,"column":3}}},"8":{"name":"(anonymous_8)","decl":{"start":{"line":71,"column":2},"end":{"line":71,"column":3}},"loc":{"start":{"line":71,"column":35},"end":{"line":85,"column":3}}},"9":{"name":"(anonymous_9)","decl":{"start":{"line":87,"column":2},"end":{"line":87,"column":3}},"loc":{"start":{"line":87,"column":17},"end":{"line":89,"column":3}}},"10":{"name":"(anonymous_10)","decl":{"start":{"line":91,"column":2},"end":{"line":91,"column":3}},"loc":{"start":{"line":91,"column":26},"end":{"line":105,"column":3}}},"11":{"name":"(anonymous_11)","decl":{"start":{"line":107,"column":2},"end":{"line":107,"column":3}},"loc":{"start":{"line":107,"column":11},"end":{"line":114,"column":3}}},"12":{"name":"(anonymous_12)","decl":{"start":{"line":116,"column":2},"end":{"line":116,"column":3}},"loc":{"start":{"line":116,"column":18},"end":{"line":130,"column":3}}},"13":{"name":"(anonymous_13)","decl":{"start":{"line":132,"column":2},"end":{"line":132,"column":3}},"loc":{"start":{"line":132,"column":24},"end":{"line":145,"column":3}}},"14":{"name":"(anonymous_14)","decl":{"start":{"line":147,"column":2},"end":{"line":147,"column":3}},"loc":{"start":{"line":147,"column":30},"end":{"line":163,"column":3}}},"15":{"name":"(anonymous_15)","decl":{"start":{"line":165,"column":2},"end":{"line":165,"column":3}},"loc":{"start":{"line":165,"column":17},"end":{"line":244,"column":3}}},"16":{"name":"(anonymous_16)","decl":{"start":{"line":170,"column":34},"end":{"line":170,"column":35}},"loc":{"start":{"line":170,"column":42},"end":{"line":187,"column":13}}},"17":{"name":"(anonymous_17)","decl":{"start":{"line":193,"column":32},"end":{"line":193,"column":33}},"loc":{"start":{"line":193,"column":50},"end":{"line":239,"column":13}}},"18":{"name":"(anonymous_18)","decl":{"start":{"line":196,"column":41},"end":{"line":196,"column":42}},"loc":{"start":{"line":196,"column":56},"end":{"line":233,"column":19}}}},"branchMap":{"0":{"loc":{"start":{"line":31,"column":23},"end":{"line":31,"column":74}},"type":"binary-expr","locations":[{"start":{"line":31,"column":23},"end":{"line":31,"column":48}},{"start":{"line":31,"column":52},"end":{"line":31,"column":74}}]},"1":{"loc":{"start":{"line":33,"column":13},"end":{"line":35,"column":34}},"type":"cond-expr","locations":[{"start":{"line":34,"column":9},"end":{"line":34,"column":33}},{"start":{"line":35,"column":9},"end":{"line":35,"column":33}}]},"2":{"loc":{"start":{"line":34,"column":9},"end":{"line":34,"column":33}},"type":"cond-expr","locations":[{"start":{"line":34,"column":27},"end":{"line":34,"column":28}},{"start":{"line":34,"column":31},"end":{"line":34,"column":33}}]},"3":{"loc":{"start":{"line":35,"column":9},"end":{"line":35,"column":33}},"type":"cond-expr","locations":[{"start":{"line":35,"column":27},"end":{"line":35,"column":28}},{"start":{"line":35,"column":31},"end":{"line":35,"column":33}}]},"4":{"loc":{"start":{"line":72,"column":4},"end":{"line":75,"column":5}},"type":"if","locations":[{"start":{"line":72,"column":4},"end":{"line":75,"column":5}},{"start":{"line":72,"column":4},"end":{"line":75,"column":5}}]},"5":{"loc":{"start":{"line":92,"column":4},"end":{"line":95,"column":5}},"type":"if","locations":[{"start":{"line":92,"column":4},"end":{"line":95,"column":5}},{"start":{"line":92,"column":4},"end":{"line":95,"column":5}}]},"6":{"loc":{"start":{"line":117,"column":4},"end":{"line":118,"column":18}},"type":"if","locations":[{"start":{"line":117,"column":4},"end":{"line":118,"column":18}},{"start":{"line":117,"column":4},"end":{"line":118,"column":18}}]},"7":{"loc":{"start":{"line":120,"column":4},"end":{"line":129,"column":5}},"type":"switch","locations":[{"start":{"line":121,"column":6},"end":{"line":122,"column":42}},{"start":{"line":123,"column":6},"end":{"line":124,"column":44}},{"start":{"line":125,"column":6},"end":{"line":126,"column":40}},{"start":{"line":127,"column":6},"end":{"line":128,"column":71}}]},"8":{"loc":{"start":{"line":151,"column":16},"end":{"line":151,"column":52}},"type":"cond-expr","locations":[{"start":{"line":151,"column":27},"end":{"line":151,"column":38}},{"start":{"line":151,"column":41},"end":{"line":151,"column":52}}]},"9":{"loc":{"start":{"line":152,"column":22},"end":{"line":152,"column":46}},"type":"cond-expr","locations":[{"start":{"line":152,"column":33},"end":{"line":152,"column":37}},{"start":{"line":152,"column":40},"end":{"line":152,"column":46}}]},"10":{"loc":{"start":{"line":171,"column":14},"end":{"line":172,"column":28}},"type":"if","locations":[{"start":{"line":171,"column":14},"end":{"line":172,"column":28}},{"start":{"line":171,"column":14},"end":{"line":172,"column":28}}]},"11":{"loc":{"start":{"line":175,"column":14},"end":{"line":176,"column":71}},"type":"if","locations":[{"start":{"line":175,"column":14},"end":{"line":176,"column":71}},{"start":{"line":175,"column":14},"end":{"line":176,"column":71}}]},"12":{"loc":{"start":{"line":176,"column":25},"end":{"line":176,"column":70}},"type":"cond-expr","locations":[{"start":{"line":176,"column":49},"end":{"line":176,"column":58}},{"start":{"line":176,"column":61},"end":{"line":176,"column":70}}]},"13":{"loc":{"start":{"line":198,"column":20},"end":{"line":199,"column":34}},"type":"if","locations":[{"start":{"line":198,"column":20},"end":{"line":199,"column":34}},{"start":{"line":198,"column":20},"end":{"line":199,"column":34}}]},"14":{"loc":{"start":{"line":198,"column":24},"end":{"line":198,"column":47}},"type":"binary-expr","locations":[{"start":{"line":198,"column":24},"end":{"line":198,"column":31}},{"start":{"line":198,"column":35},"end":{"line":198,"column":47}}]},"15":{"loc":{"start":{"line":205,"column":20},"end":{"line":215,"column":21}},"type":"if","locations":[{"start":{"line":205,"column":20},"end":{"line":215,"column":21}},{"start":{"line":205,"column":20},"end":{"line":215,"column":21}}]},"16":{"loc":{"start":{"line":205,"column":24},"end":{"line":205,"column":90}},"type":"binary-expr","locations":[{"start":{"line":205,"column":24},"end":{"line":205,"column":33}},{"start":{"line":205,"column":37},"end":{"line":205,"column":41}},{"start":{"line":205,"column":45},"end":{"line":205,"column":64}},{"start":{"line":205,"column":68},"end":{"line":205,"column":90}}]},"17":{"loc":{"start":{"line":213,"column":25},"end":{"line":215,"column":21}},"type":"if","locations":[{"start":{"line":213,"column":25},"end":{"line":215,"column":21}},{"start":{"line":213,"column":25},"end":{"line":215,"column":21}}]},"18":{"loc":{"start":{"line":224,"column":45},"end":{"line":224,"column":96}},"type":"binary-expr","locations":[{"start":{"line":224,"column":45},"end":{"line":224,"column":68}},{"start":{"line":224,"column":72},"end":{"line":224,"column":96}}]}},"s":{"0":2,"1":2,"2":0,"3":2,"4":0,"5":0,"6":0,"7":0,"8":0,"9":0,"10":1,"11":1,"12":1,"13":1,"14":1,"15":1,"16":1,"17":1,"18":1,"19":0,"20":0,"21":1,"22":1,"23":1,"24":1,"25":0,"26":0,"27":0,"28":0,"29":0,"30":0,"31":0,"32":0,"33":6,"34":6,"35":5,"36":1,"37":1,"38":0,"39":0,"40":0,"41":1,"42":1,"43":1,"44":0,"45":6,"46":30,"47":6,"48":24,"49":24,"50":0,"51":24,"52":5,"53":25,"54":25,"55":5,"56":20,"57":20,"58":20,"59":20,"60":1,"61":19,"62":5,"63":20,"64":1},"f":{"0":2,"1":0,"2":2,"3":0,"4":0,"5":1,"6":1,"7":1,"8":1,"9":0,"10":0,"11":6,"12":6,"13":1,"14":0,"15":6,"16":30,"17":5,"18":25},"b":{"0":[0,0],"1":[0,0],"2":[0,0],"3":[0,0],"4":[0,1],"5":[0,0],"6":[5,1],"7":[1,0,0,0],"8":[0,0],"9":[0,0],"10":[6,24],"11":[0,24],"12":[0,0],"13":[5,20],"14":[25,25],"15":[1,19],"16":[20,15,3,3],"17":[5,14],"18":[20,10]},"_coverageSchema":"332fd63041d2c1bcb487cc26dd0d5f7d97098a6c","hash":"63fce6249e3fe67ada2ffa62972b8b33da95d7ce"}
,"/Users/ben/whinepad/js/source/components/Form.js": {"path":"/Users/ben/whinepad/js/source/components/Form.js","statementMap":{"0":{"start":{"line":7,"column":13},"end":{"line":7,"column":15}},"1":{"start":{"line":8,"column":2},"end":{"line":10,"column":5}},"2":{"start":{"line":9,"column":3},"end":{"line":9,"column":50}},"3":{"start":{"line":12,"column":2},"end":{"line":12,"column":14}},"4":{"start":{"line":16,"column":2},"end":{"line":43,"column":3}},"5":{"start":{"line":18,"column":22},"end":{"line":18,"column":80}},"6":{"start":{"line":19,"column":4},"end":{"line":28,"column":5}},"7":{"start":{"line":20,"column":5},"end":{"line":27,"column":6}},"8":{"start":{"line":29,"column":4},"end":{"line":31,"column":5}},"9":{"start":{"line":30,"column":5},"end":{"line":30,"column":17}},"10":{"start":{"line":32,"column":4},"end":{"line":41,"column":5}},"11":{"start":{"line":47,"column":0},"end":{"line":56,"column":2}}},"fnMap":{"0":{"name":"(anonymous_0)","decl":{"start":{"line":6,"column":1},"end":{"line":6,"column":2}},"loc":{"start":{"line":6,"column":11},"end":{"line":13,"column":2}}},"1":{"name":"(anonymous_1)","decl":{"start":{"line":8,"column":28},"end":{"line":8,"column":29}},"loc":{"start":{"line":8,"column":37},"end":{"line":10,"column":3}}},"2":{"name":"(anonymous_2)","decl":{"start":{"line":15,"column":1},"end":{"line":15,"column":2}},"loc":{"start":{"line":15,"column":10},"end":{"line":44,"column":2}}},"3":{"name":"(anonymous_3)","decl":{"start":{"line":17,"column":49},"end":{"line":17,"column":50}},"loc":{"start":{"line":17,"column":58},"end":{"line":42,"column":4}}}},"branchMap":{"0":{"loc":{"start":{"line":18,"column":22},"end":{"line":18,"column":80}},"type":"binary-expr","locations":[{"start":{"line":18,"column":22},"end":{"line":18,"column":44}},{"start":{"line":18,"column":48},"end":{"line":18,"column":80}}]},"1":{"loc":{"start":{"line":19,"column":4},"end":{"line":28,"column":5}},"type":"if","locations":[{"start":{"line":19,"column":4},"end":{"line":28,"column":5}},{"start":{"line":19,"column":4},"end":{"line":28,"column":5}}]},"2":{"loc":{"start":{"line":29,"column":4},"end":{"line":31,"column":5}},"type":"if","locations":[{"start":{"line":29,"column":4},"end":{"line":31,"column":5}},{"start":{"line":29,"column":4},"end":{"line":31,"column":5}}]},"3":{"loc":{"start":{"line":36,"column":7},"end":{"line":38,"column":30}},"type":"cond-expr","locations":[{"start":{"line":37,"column":8},"end":{"line":37,"column":73}},{"start":{"line":38,"column":8},"end":{"line":38,"column":30}}]}},"s":{"0":0,"1":0,"2":0,"3":0,"4":0,"5":0,"6":0,"7":0,"8":0,"9":0,"10":0,"11":1},"f":{"0":0,"1":0,"2":0,"3":0},"b":{"0":[0,0],"1":[0,0],"2":[0,0],"3":[0,0]},"_coverageSchema":"332fd63041d2c1bcb487cc26dd0d5f7d97098a6c","hash":"98ce84520c00456d44bf880ee4d21307067e721b"}
,"/Users/ben/whinepad/js/source/components/FormInput.js": {"path":"/Users/ben/whinepad/js/source/components/FormInput.js","statementMap":{"0":{"start":{"line":7,"column":2},"end":{"line":9,"column":29}},"1":{"start":{"line":13,"column":17},"end":{"line":17,"column":3}},"2":{"start":{"line":19,"column":2},"end":{"line":39,"column":3}},"3":{"start":{"line":21,"column":4},"end":{"line":26,"column":6}},"4":{"start":{"line":28,"column":4},"end":{"line":28,"column":63}},"5":{"start":{"line":30,"column":4},"end":{"line":34,"column":5}},"6":{"start":{"line":36,"column":4},"end":{"line":36,"column":35}},"7":{"start":{"line":38,"column":4},"end":{"line":38,"column":44}},"8":{"start":{"line":43,"column":0},"end":{"line":48,"column":2}}},"fnMap":{"0":{"name":"(anonymous_0)","decl":{"start":{"line":6,"column":1},"end":{"line":6,"column":2}},"loc":{"start":{"line":6,"column":12},"end":{"line":10,"column":2}}},"1":{"name":"(anonymous_1)","decl":{"start":{"line":12,"column":1},"end":{"line":12,"column":2}},"loc":{"start":{"line":12,"column":10},"end":{"line":40,"column":2}}}},"branchMap":{"0":{"loc":{"start":{"line":7,"column":9},"end":{"line":9,"column":29}},"type":"cond-expr","locations":[{"start":{"line":8,"column":3},"end":{"line":8,"column":24}},{"start":{"line":9,"column":3},"end":{"line":9,"column":29}}]},"1":{"loc":{"start":{"line":19,"column":2},"end":{"line":39,"column":3}},"type":"switch","locations":[{"start":{"line":20,"column":3},"end":{"line":26,"column":6}},{"start":{"line":27,"column":3},"end":{"line":28,"column":63}},{"start":{"line":29,"column":3},"end":{"line":34,"column":5}},{"start":{"line":35,"column":3},"end":{"line":36,"column":35}},{"start":{"line":37,"column":3},"end":{"line":38,"column":44}}]},"2":{"loc":{"start":{"line":25,"column":20},"end":{"line":25,"column":71}},"type":"binary-expr","locations":[{"start":{"line":25,"column":20},"end":{"line":25,"column":43}},{"start":{"line":25,"column":47},"end":{"line":25,"column":71}}]}},"s":{"0":3,"1":3,"2":3,"3":1,"4":0,"5":1,"6":0,"7":1,"8":2},"f":{"0":3,"1":3},"b":{"0":[2,1],"1":[1,0,1,0,1],"2":[1,1]},"_coverageSchema":"332fd63041d2c1bcb487cc26dd0d5f7d97098a6c","hash":"48c1fdf1f25a35e8db10e54beee0b8f504cafb09"}
,"/Users/ben/whinepad/js/source/components/Rating.js": {"path":"/Users/ben/whinepad/js/source/components/Rating.js","statementMap":{"0":{"start":{"line":6,"column":2},"end":{"line":6,"column":15}},"1":{"start":{"line":7,"column":2},"end":{"line":10,"column":3}},"2":{"start":{"line":14,"column":2},"end":{"line":14,"column":27}},"3":{"start":{"line":18,"column":2},"end":{"line":18,"column":38}},"4":{"start":{"line":22,"column":2},"end":{"line":25,"column":4}},"5":{"start":{"line":29,"column":2},"end":{"line":29,"column":34}},"6":{"start":{"line":33,"column":2},"end":{"line":33,"column":40}},"7":{"start":{"line":37,"column":16},"end":{"line":37,"column":18}},"8":{"start":{"line":38,"column":2},"end":{"line":48,"column":3}},"9":{"start":{"line":39,"column":3},"end":{"line":47,"column":4}},"10":{"start":{"line":49,"column":2},"end":{"line":65,"column":3}},"11":{"start":{"line":70,"column":0},"end":{"line":74,"column":1}},"12":{"start":{"line":76,"column":0},"end":{"line":79,"column":1}}},"fnMap":{"0":{"name":"(anonymous_0)","decl":{"start":{"line":5,"column":1},"end":{"line":5,"column":2}},"loc":{"start":{"line":5,"column":20},"end":{"line":11,"column":2}}},"1":{"name":"(anonymous_1)","decl":{"start":{"line":13,"column":1},"end":{"line":13,"column":2}},"loc":{"start":{"line":13,"column":12},"end":{"line":15,"column":2}}},"2":{"name":"(anonymous_2)","decl":{"start":{"line":17,"column":1},"end":{"line":17,"column":2}},"loc":{"start":{"line":17,"column":17},"end":{"line":19,"column":2}}},"3":{"name":"(anonymous_3)","decl":{"start":{"line":21,"column":1},"end":{"line":21,"column":2}},"loc":{"start":{"line":21,"column":19},"end":{"line":26,"column":2}}},"4":{"name":"(anonymous_4)","decl":{"start":{"line":28,"column":1},"end":{"line":28,"column":2}},"loc":{"start":{"line":28,"column":9},"end":{"line":30,"column":2}}},"5":{"name":"(anonymous_5)","decl":{"start":{"line":32,"column":1},"end":{"line":32,"column":2}},"loc":{"start":{"line":32,"column":38},"end":{"line":34,"column":2}}},"6":{"name":"(anonymous_6)","decl":{"start":{"line":36,"column":1},"end":{"line":36,"column":2}},"loc":{"start":{"line":36,"column":10},"end":{"line":66,"column":2}}}},"branchMap":{"0":{"loc":{"start":{"line":41,"column":16},"end":{"line":41,"column":61}},"type":"cond-expr","locations":[{"start":{"line":41,"column":44},"end":{"line":41,"column":54}},{"start":{"line":41,"column":57},"end":{"line":41,"column":61}}]},"1":{"loc":{"start":{"line":43,"column":14},"end":{"line":43,"column":66}},"type":"binary-expr","locations":[{"start":{"line":43,"column":14},"end":{"line":43,"column":34}},{"start":{"line":43,"column":38},"end":{"line":43,"column":66}}]},"2":{"loc":{"start":{"line":44,"column":18},"end":{"line":44,"column":68}},"type":"binary-expr","locations":[{"start":{"line":44,"column":18},"end":{"line":44,"column":38}},{"start":{"line":44,"column":42},"end":{"line":44,"column":68}}]},"3":{"loc":{"start":{"line":57,"column":5},"end":{"line":62,"column":34}},"type":"cond-expr","locations":[{"start":{"line":58,"column":5},"end":{"line":58,"column":9}},{"start":{"line":59,"column":5},"end":{"line":62,"column":34}}]},"4":{"loc":{"start":{"line":57,"column":5},"end":{"line":57,"column":42}},"type":"binary-expr","locations":[{"start":{"line":57,"column":5},"end":{"line":57,"column":24}},{"start":{"line":57,"column":28},"end":{"line":57,"column":42}}]}},"s":{"0":3,"1":3,"2":1,"3":0,"4":3,"5":0,"6":3,"7":6,"8":6,"9":24,"10":6,"11":2,"12":2},"f":{"0":3,"1":1,"2":0,"3":3,"4":0,"5":3,"6":6},"b":{"0":[18,6],"1":[24,4],"2":[24,4],"3":[6,0],"4":[6,1]},"_coverageSchema":"332fd63041d2c1bcb487cc26dd0d5f7d97098a6c","hash":"502e4aec3690f20403a737e585cae65b32e41d2c"}
,"/Users/ben/whinepad/js/source/components/Suggest.js": {"path":"/Users/ben/whinepad/js/source/components/Suggest.js","statementMap":{"0":{"start":{"line":6,"column":2},"end":{"line":6,"column":15}},"1":{"start":{"line":7,"column":2},"end":{"line":7,"column":45}},"2":{"start":{"line":11,"column":2},"end":{"line":11,"column":26}},"3":{"start":{"line":15,"column":19},"end":{"line":15,"column":58}},"4":{"start":{"line":16,"column":2},"end":{"line":29,"column":3}},"5":{"start":{"line":21,"column":20},"end":{"line":21,"column":60}},"6":{"start":{"line":25,"column":6},"end":{"line":25,"column":39}},"7":{"start":{"line":33,"column":0},"end":{"line":35,"column":2}}},"fnMap":{"0":{"name":"(anonymous_0)","decl":{"start":{"line":5,"column":1},"end":{"line":5,"column":2}},"loc":{"start":{"line":5,"column":20},"end":{"line":8,"column":2}}},"1":{"name":"(anonymous_1)","decl":{"start":{"line":10,"column":1},"end":{"line":10,"column":2}},"loc":{"start":{"line":10,"column":12},"end":{"line":12,"column":2}}},"2":{"name":"(anonymous_2)","decl":{"start":{"line":14,"column":1},"end":{"line":14,"column":2}},"loc":{"start":{"line":14,"column":10},"end":{"line":30,"column":2}}},"3":{"name":"(anonymous_3)","decl":{"start":{"line":21,"column":15},"end":{"line":21,"column":16}},"loc":{"start":{"line":21,"column":20},"end":{"line":21,"column":60}}},"4":{"name":"(anonymous_4)","decl":{"start":{"line":24,"column":28},"end":{"line":24,"column":29}},"loc":{"start":{"line":25,"column":6},"end":{"line":25,"column":39}}}},"branchMap":{},"s":{"0":0,"1":0,"2":0,"3":0,"4":0,"5":0,"6":0,"7":2},"f":{"0":0,"1":0,"2":0,"3":0,"4":0},"b":{},"_coverageSchema":"332fd63041d2c1bcb487cc26dd0d5f7d97098a6c","hash":"ec8daab39f201eb508603b8219b729ea8277ed56"}
,"/Users/ben/whinepad/js/utils/Wrap.js": {"path":"/Users/ben/whinepad/js/utils/Wrap.js","statementMap":{"0":{"start":{"line":5,"column":4},"end":{"line":5,"column":44}}},"fnMap":{"0":{"name":"(anonymous_0)","decl":{"start":{"line":4,"column":2},"end":{"line":4,"column":3}},"loc":{"start":{"line":4,"column":11},"end":{"line":6,"column":3}}}},"branchMap":{},"s":{"0":1},"f":{"0":1},"b":{},"_coverageSchema":"332fd63041d2c1bcb487cc26dd0d5f7d97098a6c","hash":"429e7246ff3d956dc0967bcf4fa4151779b0e4e4"}
}
