TN:
SF:/Users/ben/whinepad/js/build/components/Rating.js
FN:7,(anonymous_0)
FN:7,defineProperties
FN:7,(anonymous_2)
FN:17,_interopRequireDefault
FN:19,_classCallCheck
FN:21,_possibleConstructorReturn
FN:23,_inherits
FN:25,(anonymous_7)
FN:28,Rating
FN:42,getValue
FN:47,setTemp
FN:52,setRating
FN:60,reset
FN:65,componentWillReceiveProps
FN:70,render
FNF:15
FNH:14
FNDA:1,(anonymous_0)
FNDA:1,defineProperties
FNDA:1,(anonymous_2)
FNDA:2,_interopRequireDefault
FNDA:1,_classCallCheck
FNDA:1,_possibleConstructorReturn
FNDA:1,_inherits
FNDA:1,(anonymous_7)
FNDA:1,Rating
FNDA:1,getValue
FNDA:2,setTemp
FNDA:1,setRating
FNDA:1,reset
FNDA:0,componentWillReceiveProps
FNDA:4,render
DA:3,1
DA:7,6
DA:9,1
DA:11,1
DA:13,1
DA:15,1
DA:17,2
DA:19,1
DA:21,1
DA:23,1
DA:25,1
DA:26,1
DA:29,1
DA:31,1
DA:33,1
DA:37,1
DA:40,1
DA:43,1
DA:48,2
DA:53,1
DA:61,1
DA:66,0
DA:71,4
DA:72,4
DA:73,16
DA:83,4
DA:100,1
DA:103,1
DA:109,1
DA:114,1
LF:30
LH:29
BRDA:7,0,0,6
BRDA:7,0,1,6
BRDA:7,1,0,6
BRDA:7,1,1,0
BRDA:7,2,0,1
BRDA:7,2,1,0
BRDA:7,3,0,0
BRDA:7,3,1,1
BRDA:17,4,0,0
BRDA:17,4,1,2
BRDA:17,5,0,2
BRDA:17,5,1,2
BRDA:19,6,0,0
BRDA:19,6,1,1
BRDA:21,7,0,0
BRDA:21,7,1,1
BRDA:21,8,0,0
BRDA:21,8,1,1
BRDA:21,9,0,1
BRDA:21,9,1,0
BRDA:21,9,2,0
BRDA:23,10,0,0
BRDA:23,10,1,1
BRDA:23,11,0,1
BRDA:23,11,1,0
BRDA:23,12,0,1
BRDA:23,12,1,1
BRDA:23,13,0,1
BRDA:23,13,1,0
BRDA:23,14,0,1
BRDA:23,14,1,0
BRDA:31,15,0,1
BRDA:31,15,1,0
BRDA:76,16,0,8
BRDA:76,16,1,8
BRDA:78,17,0,16
BRDA:78,17,1,16
BRDA:79,18,0,16
BRDA:79,18,1,16
BRDA:92,19,0,4
BRDA:92,19,1,0
BRDA:92,20,0,4
BRDA:92,20,1,4
BRF:43
BRH:28
end_of_record
TN:
SF:/Users/ben/whinepad/js/source/classification.js
FNF:0
FNH:0
LF:0
LH:0
BRF:0
BRH:0
end_of_record
TN:
SF:/Users/ben/whinepad/js/source/schema.js
FNF:0
FNH:0
LF:0
LH:0
BRF:0
BRH:0
end_of_record
TN:
SF:/Users/ben/whinepad/js/source/components/Actions.js
FN:3,(anonymous_0)
FN:27,(anonymous_1)
FNF:2
FNH:1
FNDA:6,(anonymous_0)
FNDA:0,(anonymous_1)
DA:3,2
DA:4,6
DA:22,2
DA:26,2
LF:4
LH:4
BRF:0
BRH:0
end_of_record
TN:
SF:/Users/ben/whinepad/js/source/components/Button.js
FN:4,Button
FNF:1
FNH:1
FNDA:4,Button
DA:5,4
DA:7,4
DA:12,2
LF:3
LH:3
BRDA:7,0,0,1
BRDA:7,0,1,3
BRF:2
BRH:2
end_of_record
TN:
SF:/Users/ben/whinepad/js/source/components/Dialog.js
FN:5,(anonymous_0)
FN:9,(anonymous_1)
FN:13,(anonymous_2)
FN:50,(anonymous_3)
FNF:4
FNH:3
FNDA:1,(anonymous_0)
FNDA:1,(anonymous_1)
FNDA:1,(anonymous_2)
FNDA:0,(anonymous_3)
DA:6,1
DA:10,1
DA:14,1
DA:39,1
DA:47,1
LF:5
LH:5
BRDA:15,0,0,1
BRDA:15,0,1,0
BRDA:16,1,0,1
BRDA:16,1,1,0
BRDA:20,2,0,1
BRDA:20,2,1,0
BRDA:29,3,0,1
BRDA:29,3,1,0
BRF:8
BRH:4
end_of_record
TN:
SF:/Users/ben/whinepad/js/source/components/Excel.js
FN:10,(anonymous_0)
FN:21,(anonymous_1)
FN:25,(anonymous_2)
FN:29,(anonymous_3)
FN:32,(anonymous_4)
FN:47,(anonymous_5)
FN:54,(anonymous_6)
FN:67,(anonymous_7)
FN:71,(anonymous_8)
FN:87,(anonymous_9)
FN:91,(anonymous_10)
FN:107,(anonymous_11)
FN:116,(anonymous_12)
FN:132,(anonymous_13)
FN:147,(anonymous_14)
FN:165,(anonymous_15)
FN:170,(anonymous_16)
FN:193,(anonymous_17)
FN:196,(anonymous_18)
FNF:19
FNH:13
FNDA:2,(anonymous_0)
FNDA:0,(anonymous_1)
FNDA:2,(anonymous_2)
FNDA:0,(anonymous_3)
FNDA:0,(anonymous_4)
FNDA:1,(anonymous_5)
FNDA:1,(anonymous_6)
FNDA:1,(anonymous_7)
FNDA:1,(anonymous_8)
FNDA:0,(anonymous_9)
FNDA:0,(anonymous_10)
FNDA:6,(anonymous_11)
FNDA:6,(anonymous_12)
FNDA:1,(anonymous_13)
FNDA:0,(anonymous_14)
FNDA:6,(anonymous_15)
FNDA:30,(anonymous_16)
FNDA:5,(anonymous_17)
FNDA:25,(anonymous_18)
DA:11,2
DA:12,2
DA:22,0
DA:26,2
DA:30,0
DA:31,0
DA:32,0
DA:33,0
DA:38,0
DA:44,0
DA:48,1
DA:55,1
DA:56,1
DA:57,1
DA:58,1
DA:59,1
DA:64,1
DA:68,1
DA:72,1
DA:73,0
DA:74,0
DA:77,1
DA:78,1
DA:79,1
DA:84,1
DA:88,0
DA:92,0
DA:93,0
DA:94,0
DA:97,0
DA:98,0
DA:99,0
DA:104,0
DA:108,6
DA:117,6
DA:118,5
DA:120,1
DA:122,1
DA:124,0
DA:126,0
DA:128,0
DA:133,1
DA:134,1
DA:135,1
DA:148,0
DA:166,6
DA:171,30
DA:172,6
DA:174,24
DA:175,24
DA:176,0
DA:178,24
DA:194,5
DA:197,25
DA:198,25
DA:199,5
DA:201,20
DA:202,20
DA:203,20
DA:205,20
DA:206,1
DA:213,19
DA:214,5
DA:217,20
DA:248,1
LF:65
LH:43
BRDA:31,0,0,0
BRDA:31,0,1,0
BRDA:33,1,0,0
BRDA:33,1,1,0
BRDA:34,2,0,0
BRDA:34,2,1,0
BRDA:35,3,0,0
BRDA:35,3,1,0
BRDA:72,4,0,0
BRDA:72,4,1,1
BRDA:92,5,0,0
BRDA:92,5,1,0
BRDA:117,6,0,5
BRDA:117,6,1,1
BRDA:120,7,0,1
BRDA:120,7,1,0
BRDA:120,7,2,0
BRDA:120,7,3,0
BRDA:151,8,0,0
BRDA:151,8,1,0
BRDA:152,9,0,0
BRDA:152,9,1,0
BRDA:171,10,0,6
BRDA:171,10,1,24
BRDA:175,11,0,0
BRDA:175,11,1,24
BRDA:176,12,0,0
BRDA:176,12,1,0
BRDA:198,13,0,5
BRDA:198,13,1,20
BRDA:198,14,0,25
BRDA:198,14,1,25
BRDA:205,15,0,1
BRDA:205,15,1,19
BRDA:205,16,0,20
BRDA:205,16,1,15
BRDA:205,16,2,3
BRDA:205,16,3,3
BRDA:213,17,0,5
BRDA:213,17,1,14
BRDA:224,18,0,20
BRDA:224,18,1,10
BRF:42
BRH:21
end_of_record
TN:
SF:/Users/ben/whinepad/js/source/components/Form.js
FN:6,(anonymous_0)
FN:8,(anonymous_1)
FN:15,(anonymous_2)
FN:17,(anonymous_3)
FNF:4
FNH:0
FNDA:0,(anonymous_0)
FNDA:0,(anonymous_1)
FNDA:0,(anonymous_2)
FNDA:0,(anonymous_3)
DA:7,0
DA:8,0
DA:9,0
DA:12,0
DA:16,0
DA:18,0
DA:19,0
DA:20,0
DA:29,0
DA:30,0
DA:32,0
DA:47,1
LF:12
LH:1
BRDA:18,0,0,0
BRDA:18,0,1,0
BRDA:19,1,0,0
BRDA:19,1,1,0
BRDA:29,2,0,0
BRDA:29,2,1,0
BRDA:36,3,0,0
BRDA:36,3,1,0
BRF:8
BRH:0
end_of_record
TN:
SF:/Users/ben/whinepad/js/source/components/FormInput.js
FN:6,(anonymous_0)
FN:12,(anonymous_1)
FNF:2
FNH:2
FNDA:3,(anonymous_0)
FNDA:3,(anonymous_1)
DA:7,3
DA:13,3
DA:19,3
DA:21,1
DA:28,0
DA:30,1
DA:36,0
DA:38,1
DA:43,2
LF:9
LH:7
BRDA:7,0,0,2
BRDA:7,0,1,1
BRDA:19,1,0,1
BRDA:19,1,1,0
BRDA:19,1,2,1
BRDA:19,1,3,0
BRDA:19,1,4,1
BRDA:25,2,0,1
BRDA:25,2,1,1
BRF:9
BRH:7
end_of_record
TN:
SF:/Users/ben/whinepad/js/source/components/Rating.js
FN:5,(anonymous_0)
FN:13,(anonymous_1)
FN:17,(anonymous_2)
FN:21,(anonymous_3)
FN:28,(anonymous_4)
FN:32,(anonymous_5)
FN:36,(anonymous_6)
FNF:7
FNH:5
FNDA:3,(anonymous_0)
FNDA:1,(anonymous_1)
FNDA:0,(anonymous_2)
FNDA:3,(anonymous_3)
FNDA:0,(anonymous_4)
FNDA:3,(anonymous_5)
FNDA:6,(anonymous_6)
DA:6,3
DA:7,3
DA:14,1
DA:18,0
DA:22,3
DA:29,0
DA:33,3
DA:37,6
DA:38,6
DA:39,24
DA:49,6
DA:70,2
DA:76,2
LF:13
LH:11
BRDA:41,0,0,18
BRDA:41,0,1,6
BRDA:43,1,0,24
BRDA:43,1,1,4
BRDA:44,2,0,24
BRDA:44,2,1,4
BRDA:57,3,0,6
BRDA:57,3,1,0
BRDA:57,4,0,6
BRDA:57,4,1,1
BRF:10
BRH:9
end_of_record
TN:
SF:/Users/ben/whinepad/js/source/components/Suggest.js
FN:5,(anonymous_0)
FN:10,(anonymous_1)
FN:14,(anonymous_2)
FN:21,(anonymous_3)
FN:24,(anonymous_4)
FNF:5
FNH:0
FNDA:0,(anonymous_0)
FNDA:0,(anonymous_1)
FNDA:0,(anonymous_2)
FNDA:0,(anonymous_3)
FNDA:0,(anonymous_4)
DA:6,0
DA:7,0
DA:11,0
DA:15,0
DA:16,0
DA:21,0
DA:25,0
DA:33,2
LF:8
LH:1
BRF:0
BRH:0
end_of_record
TN:
SF:/Users/ben/whinepad/js/utils/Wrap.js
FN:4,(anonymous_0)
FNF:1
FNH:1
FNDA:1,(anonymous_0)
DA:5,1
LF:1
LH:1
BRF:0
BRH:0
end_of_record
